<?xml version="1.0" encoding="UTF-8" ?>
<testsuite tests="23" failures="0" name="TestSuite" time="15.441" errors="0" skipped="0">
  <properties>
    <property name="idea.version" value="2022.1"/>
    <property name="java.runtime.name" value="OpenJDK Runtime Environment"/>
    <property name="java.vm.version" value="18.0.1.1+2-6"/>
    <property name="sun.boot.library.path" value="/Users/belikova/Library/Java/JavaVirtualMachines/openjdk-18.0.1.1/Contents/Home/lib"/>
    <property name="maven.multiModuleProjectDirectory" value="/Users/belikova/Desktop/ntcn"/>
    <property name="java.vm.vendor" value="Oracle Corporation"/>
    <property name="java.vendor.url" value="https://java.oracle.com/"/>
    <property name="guice.disable.misplaced.annotation.check" value="true"/>
    <property name="path.separator" value=":"/>
    <property name="java.vm.name" value="OpenJDK 64-Bit Server VM"/>
    <property name="user.country" value="RU"/>
    <property name="sun.java.launcher" value="SUN_STANDARD"/>
    <property name="java.vm.specification.name" value="Java Virtual Machine Specification"/>
    <property name="user.dir" value="/Users/belikova/Desktop/ntcn"/>
    <property name="java.vm.compressedOopsMode" value="Zero based"/>
    <property name="java.runtime.version" value="18.0.1.1+2-6"/>
    <property name="os.arch" value="x86_64"/>
    <property name="java.io.tmpdir" value="/var/folders/lr/8w7dzv0d6d9brfgrc784f9g80000gn/T/"/>
    <property name="line.separator" value="
"/>
    <property name="java.vm.specification.vendor" value="Oracle Corporation"/>
    <property name="os.name" value="Mac OS X"/>
    <property name="maven.ext.class.path" value="/Applications/IntelliJ IDEA CE.app/Contents/plugins/maven/lib/maven-event-listener.jar"/>
    <property name="classworlds.conf" value="/Applications/IntelliJ IDEA CE.app/Contents/plugins/maven/lib/maven3/bin/m2.conf"/>
    <property name="sun.jnu.encoding" value="UTF-8"/>
    <property name="java.library.path" value="/Users/belikova/Library/Java/Extensions:/Library/Java/Extensions:/Network/Library/Java/Extensions:/System/Library/Java/Extensions:/usr/lib/java:."/>
    <property name="maven.conf" value="/Applications/IntelliJ IDEA CE.app/Contents/plugins/maven/lib/maven3/conf"/>
    <property name="jdk.debug" value="release"/>
    <property name="java.class.version" value="62.0"/>
    <property name="java.specification.name" value="Java Platform API Specification"/>
    <property name="sun.management.compiler" value="HotSpot 64-Bit Tiered Compilers"/>
    <property name="os.version" value="12.3.1"/>
    <property name="http.nonProxyHosts" value="local|*.local|169.254/16|*.169.254/16"/>
    <property name="user.home" value="/Users/belikova"/>
    <property name="user.timezone" value="Europe/Moscow"/>
    <property name="file.encoding" value="UTF-8"/>
    <property name="java.specification.version" value="18"/>
    <property name="user.name" value="belikova"/>
    <property name="java.class.path" value="/Applications/IntelliJ IDEA CE.app/Contents/plugins/maven/lib/maven3/boot/plexus-classworlds.license:/Applications/IntelliJ IDEA CE.app/Contents/plugins/maven/lib/maven3/boot/plexus-classworlds-2.6.0.jar"/>
    <property name="java.vm.specification.version" value="18"/>
    <property name="sun.arch.data.model" value="64"/>
    <property name="sun.java.command" value="org.codehaus.classworlds.Launcher -Didea.version=2022.1 test"/>
    <property name="java.home" value="/Users/belikova/Library/Java/JavaVirtualMachines/openjdk-18.0.1.1/Contents/Home"/>
    <property name="apple.awt.application.name" value="Launcher"/>
    <property name="user.language" value="ru"/>
    <property name="java.specification.vendor" value="Oracle Corporation"/>
    <property name="java.vm.info" value="mixed mode, sharing"/>
    <property name="java.version" value="18.0.1.1"/>
    <property name="native.encoding" value="UTF-8"/>
    <property name="java.vendor" value="Oracle Corporation"/>
    <property name="maven.home" value="/Applications/IntelliJ IDEA CE.app/Contents/plugins/maven/lib/maven3"/>
    <property name="file.separator" value="/"/>
    <property name="java.version.date" value="2022-04-22"/>
    <property name="java.vendor.url.bug" value="https://bugreport.java.com/bugreport/"/>
    <property name="sun.io.unicode.encoding" value="UnicodeBig"/>
    <property name="sun.cpu.endian" value="little"/>
    <property name="socksNonProxyHosts" value="local|*.local|169.254/16|*.169.254/16"/>
    <property name="ftp.nonProxyHosts" value="local|*.local|169.254/16|*.169.254/16"/>
  </properties>
  <testcase classname="GetOneNewsTest" name="GetOneNegativeNotValidURLNews" time="2.471"/>
  <testcase classname="GetOneNewsTest" name="GetOneNews" time="1.804"/>
  <testcase classname="RegistrationUserTest" name="correctReg" time="0.9"/>
  <testcase classname="RegistrationUserTest" name="incorrectEmail1" time="0.328"/>
  <testcase classname="RegistrationUserTest" name="incorrectPassword" time="0.31"/>
  <testcase classname="PutNewsTest" name="putNewsNegativeTest" time="0.558"/>
  <testcase classname="PutNewsTest" name="putNewsTest" time="0.535"/>
  <testcase classname="GetInfoUserTest" name="GetUserInfoById" time="0.248"/>
  <testcase classname="GetInfoUserTest" name="GetUserInfoByIdNegative" time="0.141"/>
  <testcase classname="NewControllerTest" name="FilePostNegativeTest" time="0.372"/>
  <testcase classname="NewControllerTest" name="FilePostTest" time="0.306"/>
  <testcase classname="PutUserInformationTest" name="putUserNegativeTest" time="0.175"/>
  <testcase classname="PutUserInformationTest" name="putUserTest" time="0.442"/>
  <testcase classname="GetAllNewsTest" name="allNewsPageGetNegativeTest" time="1.868"/>
  <testcase classname="GetAllNewsTest" name="allNewsPageGetTest" time="1.297"/>
  <testcase classname="LoginUserTest" name="incorrectEmail1" time="0.665"/>
  <testcase classname="LoginUserTest" name="loginUserTest" time="0.687"/>
  <testcase classname="CreateNewsTest" name="createNewsNegativeTest" time="0.33"/>
  <testcase classname="CreateNewsTest" name="createNewsTest" time="0.343"/>
  <testcase classname="DeleteUserTest" name="deleteUserNegativeTest" time="0.337"/>
  <testcase classname="DeleteUserTest" name="deleteUserTest" time="0.31"/>
  <testcase classname="DeleteNewsTest" name="deleteNewsNegativeTest" time="0.454"/>
  <testcase classname="DeleteNewsTest" name="deleteNewsTest" time="0.56"/>
</testsuite>