<?xml version="1.0" encoding="UTF-8"?>
<!-- Generated by org.testng.reporters.JUnitReportReporter -->
<testsuite hostname="Mac-mini-Belikova.local" failures="0" tests="2" name="PutUserInformationTest" time="0.686" errors="0" timestamp="2022-06-27T14:33:16 MSK" skipped="0">
  <testcase classname="PutUserInformationTest" name="putUserNegativeTest" time="0.230"/>
  <system-out/>
  <testcase classname="PutUserInformationTest" name="putUserTest" time="0.456"/>
  <system-out/>
</testsuite> <!-- PutUserInformationTest -->
