<?xml version="1.0" encoding="UTF-8"?>
<!-- Generated by org.testng.reporters.JUnitReportReporter -->
<testsuite hostname="Mac-mini-Belikova.local" failures="0" tests="2" name="GetInfoUserTest" time="0.397" errors="0" timestamp="2022-06-27T18:05:53 MSK" skipped="0">
  <testcase classname="GetInfoUserTest" name="GetUserInfoById" time="0.249"/>
  <system-out/>
  <testcase classname="GetInfoUserTest" name="GetUserInfoByIdNegative" time="0.148"/>
  <system-out/>
</testsuite> <!-- GetInfoUserTest -->
