<?xml version="1.0" encoding="UTF-8"?>
<!-- Generated by org.testng.reporters.JUnitReportReporter -->
<testsuite hostname="Mac-mini-Belikova.local" failures="0" tests="3" name="RegistrationUserTest" time="1.586" errors="0" timestamp="2022-06-27T14:33:16 MSK" skipped="0">
  <testcase classname="RegistrationUserTest" name="correctReg" time="0.868"/>
  <system-out/>
  <testcase classname="RegistrationUserTest" name="incorrectPassword" time="0.312"/>
  <system-out/>
  <testcase classname="RegistrationUserTest" name="incorrectEmail1" time="0.406"/>
  <system-out/>
</testsuite> <!-- RegistrationUserTest -->
