<?xml version="1.0" encoding="UTF-8"?>
<!-- Generated by org.testng.reporters.JUnitReportReporter -->
<testsuite hostname="Mac-mini-Belikova.local" failures="0" tests="2" name="DeleteNewsTest" time="1.344" errors="0" timestamp="2022-06-27T14:33:16 MSK" skipped="0">
  <testcase classname="DeleteNewsTest" name="deleteNewsNegativeTest" time="0.557"/>
  <system-out/>
  <testcase classname="DeleteNewsTest" name="deleteNewsTest" time="0.787"/>
  <system-out/>
</testsuite> <!-- DeleteNewsTest -->
