<?xml version="1.0" encoding="UTF-8"?>
<!-- Generated by org.testng.reporters.JUnitReportReporter -->
<testsuite hostname="Mac-mini-Belikova.local" failures="0" tests="2" name="NewControllerTest" time="0.781" errors="0" timestamp="2022-06-27T14:33:16 MSK" skipped="0">
  <testcase classname="NewControllerTest" name="FilePostTest" time="0.333"/>
  <system-out/>
  <testcase classname="NewControllerTest" name="FilePostNegativeTest" time="0.448"/>
  <system-out/>
</testsuite> <!-- NewControllerTest -->
