<?xml version="1.0" encoding="UTF-8"?>
<!-- Generated by org.testng.reporters.JUnitReportReporter -->
<testsuite hostname="Mac-mini-Belikova.local" failures="0" tests="2" name="GetOneNewsTest" time="4.705" errors="0" timestamp="2022-06-27T14:33:16 MSK" skipped="0">
  <testcase classname="GetOneNewsTest" name="GetOneNegativeNotValidURLNews" time="2.887"/>
  <system-out/>
  <testcase classname="GetOneNewsTest" name="GetOneNews" time="1.818"/>
  <system-out/>
</testsuite> <!-- GetOneNewsTest -->
