<?xml version="1.0" encoding="UTF-8"?>
<!-- Generated by org.testng.reporters.JUnitReportReporter -->
<testsuite hostname="Mac-mini-Belikova.local" failures="0" tests="2" name="CreateNewsTest" time="0.829" errors="0" timestamp="2022-06-27T14:33:16 MSK" skipped="0">
  <testcase classname="CreateNewsTest" name="createNewsNegativeTest" time="0.437"/>
  <system-out/>
  <testcase classname="CreateNewsTest" name="createNewsTest" time="0.392"/>
  <system-out/>
</testsuite> <!-- CreateNewsTest -->
