<?xml version="1.0" encoding="UTF-8"?>
<!-- Generated by org.testng.reporters.JUnitReportReporter -->
<testsuite hostname="Mac-mini-Belikova.local" failures="0" tests="2" name="PutNewsTest" time="1.092" errors="0" timestamp="2022-06-27T18:05:53 MSK" skipped="0">
  <testcase classname="PutNewsTest" name="putNewsTest" time="0.533"/>
  <system-out/>
  <testcase classname="PutNewsTest" name="putNewsNegativeTest" time="0.559"/>
  <system-out/>
</testsuite> <!-- PutNewsTest -->
