<?xml version="1.0" encoding="UTF-8"?>
<!-- Generated by org.testng.reporters.JUnitReportReporter -->
<testsuite hostname="Mac-mini-Belikova.local" failures="0" tests="2" name="NewControllerTest" time="0.674" errors="0" timestamp="2022-06-27T18:05:53 MSK" skipped="0">
  <testcase classname="NewControllerTest" name="FilePostNegativeTest" time="0.371"/>
  <system-out/>
  <testcase classname="NewControllerTest" name="FilePostTest" time="0.303"/>
  <system-out/>
</testsuite> <!-- NewControllerTest -->
