<?xml version="1.0" encoding="UTF-8"?>
<!-- Generated by org.testng.reporters.JUnitReportReporter -->
<testsuite hostname="Mac-mini-Belikova.local" failures="0" tests="2" name="LoginUserTest" time="2.463" errors="0" timestamp="2022-06-27T14:33:16 MSK" skipped="0">
  <testcase classname="LoginUserTest" name="loginUserTest" time="0.834"/>
  <system-out/>
  <testcase classname="LoginUserTest" name="incorrectEmail1" time="1.629"/>
  <system-out/>
</testsuite> <!-- LoginUserTest -->
