<?xml version="1.0" encoding="UTF-8"?>
<!-- Generated by org.testng.reporters.JUnitReportReporter -->
<testsuite hostname="Mac-mini-Belikova.local" failures="0" tests="2" name="GetInfoUserTest" time="0.642" errors="0" timestamp="2022-06-27T14:33:16 MSK" skipped="0">
  <testcase classname="GetInfoUserTest" name="GetUserInfoByIdNegative" time="0.169"/>
  <system-out/>
  <testcase classname="GetInfoUserTest" name="GetUserInfoById" time="0.473"/>
  <system-out/>
</testsuite> <!-- GetInfoUserTest -->
