<?xml version="1.0" encoding="UTF-8"?>
<!-- Generated by org.testng.reporters.JUnitReportReporter -->
<testsuite hostname="Mac-mini-Belikova.local" failures="0" tests="2" name="DeleteUserTest" time="0.650" errors="0" timestamp="2022-06-27T18:05:53 MSK" skipped="0">
  <testcase classname="DeleteUserTest" name="deleteUserNegativeTest" time="0.338"/>
  <system-out/>
  <testcase classname="DeleteUserTest" name="deleteUserTest" time="0.312"/>
  <system-out/>
</testsuite> <!-- DeleteUserTest -->
