<?xml version="1.0" encoding="UTF-8"?>
<!-- Generated by org.testng.reporters.JUnitReportReporter -->
<testsuite hostname="Mac-mini-Belikova.local" failures="0" tests="3" name="RegistrationUserTest" time="1.550" errors="0" timestamp="2022-06-27T18:05:53 MSK" skipped="0">
  <testcase classname="RegistrationUserTest" name="correctReg" time="0.905"/>
  <system-out/>
  <testcase classname="RegistrationUserTest" name="incorrectPassword" time="0.312"/>
  <system-out/>
  <testcase classname="RegistrationUserTest" name="incorrectEmail1" time="0.333"/>
  <system-out/>
</testsuite> <!-- RegistrationUserTest -->
