<?xml version="1.0" encoding="UTF-8"?>
<!-- Generated by org.testng.reporters.JUnitReportReporter -->
<testsuite hostname="Mac-mini-Belikova.local" failures="0" tests="2" name="GetAllNewsTest" time="3.170" errors="0" timestamp="2022-06-27T18:05:53 MSK" skipped="0">
  <testcase classname="GetAllNewsTest" name="allNewsPageGetTest" time="1.303"/>
  <system-out/>
  <testcase classname="GetAllNewsTest" name="allNewsPageGetNegativeTest" time="1.867"/>
  <system-out/>
</testsuite> <!-- GetAllNewsTest -->
