<?xml version="1.0" encoding="UTF-8"?>
<!-- Generated by org.testng.reporters.JUnitReportReporter -->
<testsuite hostname="Mac-mini-Belikova.local" failures="0" tests="2" name="PutUserInformationTest" time="0.621" errors="0" timestamp="2022-06-27T18:05:53 MSK" skipped="0">
  <testcase classname="PutUserInformationTest" name="putUserTest" time="0.443"/>
  <system-out/>
  <testcase classname="PutUserInformationTest" name="putUserNegativeTest" time="0.178"/>
  <system-out/>
</testsuite> <!-- PutUserInformationTest -->
