<?xml version="1.0" encoding="UTF-8"?>
<!-- Generated by org.testng.reporters.JUnitReportReporter -->
<testsuite hostname="Mac-mini-Belikova.local" failures="0" tests="2" name="GetAllNewsTest" time="7.442" errors="0" timestamp="2022-06-27T14:33:16 MSK" skipped="0">
  <testcase classname="GetAllNewsTest" name="allNewsPageGetTest" time="5.003"/>
  <system-out/>
  <testcase classname="GetAllNewsTest" name="allNewsPageGetNegativeTest" time="2.439"/>
  <system-out/>
</testsuite> <!-- GetAllNewsTest -->
