<?xml version="1.0" encoding="UTF-8"?>
<!-- Generated by org.testng.reporters.JUnitReportReporter -->
<testsuite hostname="Mac-mini-Belikova.local" failures="0" tests="2" name="LoginUserTest" time="1.357" errors="0" timestamp="2022-06-27T18:05:53 MSK" skipped="0">
  <testcase classname="LoginUserTest" name="loginUserTest" time="0.688"/>
  <system-out/>
  <testcase classname="LoginUserTest" name="incorrectEmail1" time="0.669"/>
  <system-out/>
</testsuite> <!-- LoginUserTest -->
